{
  "elasticScaleEnabled": false,
  "extendedLocation": null,
  "freeOfferExpirationTime": "2025-06-22T15:09:43.716666",
  "geoRegion": "France Central",
  "hostingEnvironmentProfile": null,
  "hyperV": false,
  "id": "/subscriptions/4beddd21-16a1-4ddc-9f4d-d4f5d9de465a/resourceGroups/gna-blob-to-kafka-rg/providers/Microsoft.Web/serverfarms/gna-asp-441ed301",
  "isSpot": false,
  "isXenon": false,
  "kind": "linux",
  "kubeEnvironmentProfile": null,
  "location": "francecentral",
  "maximumElasticWorkerCount": 1,
  "maximumNumberOfWorkers": 0,
  "name": "gna-asp-441ed301",
  "numberOfSites": 0,
  "numberOfWorkers": 1,
  "perSiteScaling": false,
  "provisioningState": "Succeeded",
  "reserved": true,
  "resourceGroup": "gna-blob-to-kafka-rg",
  "sku": {
    "capabilities": null,
    "capacity": 1,
    "family": "B",
    "locations": null,
    "name": "B1",
    "size": "B1",
    "skuCapacity": null,
    "tier": "Basic"
  },
  "spotExpirationTime": null,
  "status": "Ready",
  "subscription": "4beddd21-16a1-4ddc-9f4d-d4f5d9de465a",
  "tags": null,
  "targetWorkerCount": 0,
  "targetWorkerSizeId": 0,
  "type": "Microsoft.Web/serverfarms",
  "workerTierName": null,
  "zoneRedundant": false
}
{
  "availabilityState": "Normal",
  "clientAffinityEnabled": true,
  "clientCertEnabled": false,
  "clientCertExclusionPaths": null,
  "clientCertMode": "Required",
  "cloningInfo": null,
  "containerSize": 0,
  "customDomainVerificationId": "0A0585ED492B9EB411993B9F2D39B5E7F17E09BD66062B5AB0BBA383D3520CA9",
  "dailyMemoryTimeQuota": 0,
  "daprConfig": null,
  "defaultHostName": "gnablobeventswebhook.azurewebsites.net",
  "enabled": true,
  "enabledHostNames": [
    "gnablobeventswebhook.azurewebsites.net",
    "gnablobeventswebhook.scm.azurewebsites.net"
  ],
  "endToEndEncryptionEnabled": false,
  "extendedLocation": null,
  "ftpPublishingUrl": "ftps://waws-prod-par-045.ftp.azurewebsites.windows.net/site/wwwroot",
  "hostNameSslStates": [
    {
      "certificateResourceId": null,
      "hostType": "Standard",
      "ipBasedSslResult": null,
      "ipBasedSslState": "NotConfigured",
      "name": "gnablobeventswebhook.azurewebsites.net",
      "sslState": "Disabled",
      "thumbprint": null,
      "toUpdate": null,
      "toUpdateIpBasedSsl": null,
      "virtualIPv6": null,
      "virtualIp": null
    },
    {
      "certificateResourceId": null,
      "hostType": "Repository",
      "ipBasedSslResult": null,
      "ipBasedSslState": "NotConfigured",
      "name": "gnablobeventswebhook.scm.azurewebsites.net",
      "sslState": "Disabled",
      "thumbprint": null,
      "toUpdate": null,
      "toUpdateIpBasedSsl": null,
      "virtualIPv6": null,
      "virtualIp": null
    }
  ],
  "hostNames": [
    "gnablobeventswebhook.azurewebsites.net"
  ],
  "hostNamesDisabled": false,
  "hostingEnvironmentProfile": null,
  "httpsOnly": false,
  "hyperV": false,
  "id": "/subscriptions/4beddd21-16a1-4ddc-9f4d-d4f5d9de465a/resourceGroups/gna-blob-to-kafka-rg/providers/Microsoft.Web/sites/gnaBlobEventsWebhook",
  "identity": null,
  "inProgressOperationId": null,
  "isDefaultContainer": null,
  "isXenon": false,
  "keyVaultReferenceIdentity": "SystemAssigned",
  "kind": "app,linux",
  "lastModifiedTimeUtc": "2025-05-23T15:09:55.123333",
  "location": "France Central",
  "managedEnvironmentId": null,
  "maxNumberOfWorkers": null,
  "name": "gnaBlobEventsWebhook",
  "outboundIpAddresses": "4.233.19.193,4.233.19.219,4.233.19.227,4.233.19.237,4.233.20.23,4.233.20.31,4.233.18.149,4.233.18.160,4.233.18.184,4.233.18.191,4.233.18.194,4.233.18.208,20.111.1.13",
  "possibleOutboundIpAddresses": "4.233.19.193,4.233.19.219,4.233.19.227,4.233.19.237,4.233.20.23,4.233.20.31,4.233.18.149,4.233.18.160,4.233.18.184,4.233.18.191,4.233.18.194,4.233.18.208,4.233.18.210,4.233.18.212,4.233.18.254,4.233.19.23,4.233.17.109,4.233.19.33,4.233.19.103,4.233.19.119,4.233.19.124,4.233.19.146,4.233.19.171,4.233.19.182,4.233.20.53,4.233.20.54,4.233.20.64,4.233.20.76,4.233.20.103,4.233.20.109,20.111.1.13",
  "publicNetworkAccess": null,
  "redundancyMode": "None",
  "repositorySiteName": "gnaBlobEventsWebhook",
  "reserved": true,
  "resourceConfig": null,
  "resourceGroup": "gna-blob-to-kafka-rg",
  "scmSiteAlsoStopped": false,
  "serverFarmId": "/subscriptions/4beddd21-16a1-4ddc-9f4d-d4f5d9de465a/resourceGroups/gna-blob-to-kafka-rg/providers/Microsoft.Web/serverfarms/gna-asp-441ed301",
  "siteConfig": {
    "acrUseManagedIdentityCreds": false,
    "acrUserManagedIdentityId": null,
    "alwaysOn": false,
    "antivirusScanEnabled": null,
    "apiDefinition": null,
    "apiManagementConfig": null,
    "appCommandLine": null,
    "appSettings": null,
    "autoHealEnabled": null,
    "autoHealRules": null,
    "autoSwapSlotName": null,
    "azureMonitorLogCategories": null,
    "azureStorageAccounts": null,
    "clusteringEnabled": false,
    "connectionStrings": null,
    "cors": null,
    "customAppPoolIdentityAdminState": null,
    "customAppPoolIdentityTenantState": null,
    "defaultDocuments": null,
    "detailedErrorLoggingEnabled": null,
    "documentRoot": null,
    "elasticWebAppScaleLimit": 0,
    "experiments": null,
    "fileChangeAuditEnabled": null,
    "ftpsState": null,
    "functionAppScaleLimit": null,
    "functionsRuntimeScaleMonitoringEnabled": null,
    "handlerMappings": null,
    "healthCheckPath": null,
    "http20Enabled": false,
    "http20ProxyFlag": null,
    "httpLoggingEnabled": null,
    "ipSecurityRestrictions": [
      {
        "action": "Allow",
        "description": "Allow all access",
        "headers": null,
        "ipAddress": "Any",
        "name": "Allow all",
        "priority": 2147483647,
        "subnetMask": null,
        "subnetTrafficTag": null,
        "tag": null,
        "vnetSubnetResourceId": null,
        "vnetTrafficTag": null
      }
    ],
    "ipSecurityRestrictionsDefaultAction": null,
    "javaContainer": null,
    "javaContainerVersion": null,
    "javaVersion": null,
    "keyVaultReferenceIdentity": null,
    "limits": null,
    "linuxFxVersion": "",
    "loadBalancing": null,
    "localMySqlEnabled": null,
    "logsDirectorySizeLimit": null,
    "machineKey": null,
    "managedPipelineMode": null,
    "managedServiceIdentityId": null,
    "metadata": null,
    "minTlsCipherSuite": null,
    "minTlsVersion": null,
    "minimumElasticInstanceCount": 0,
    "netFrameworkVersion": null,
    "nodeVersion": null,
    "numberOfWorkers": 1,
    "phpVersion": null,
    "powerShellVersion": null,
    "preWarmedInstanceCount": null,
    "publicNetworkAccess": null,
    "publishingPassword": null,
    "publishingUsername": null,
    "push": null,
    "pythonVersion": null,
    "remoteDebuggingEnabled": null,
    "remoteDebuggingVersion": null,
    "requestTracingEnabled": null,
    "requestTracingExpirationTime": null,
    "routingRules": null,
    "runtimeADUser": null,
    "runtimeADUserPassword": null,
    "sandboxType": null,
    "scmIpSecurityRestrictions": [
      {
        "action": "Allow",
        "description": "Allow all access",
        "headers": null,
        "ipAddress": "Any",
        "name": "Allow all",
        "priority": 2147483647,
        "subnetMask": null,
        "subnetTrafficTag": null,
        "tag": null,
        "vnetSubnetResourceId": null,
        "vnetTrafficTag": null
      }
    ],
    "scmIpSecurityRestrictionsDefaultAction": null,
    "scmIpSecurityRestrictionsUseMain": null,
    "scmMinTlsCipherSuite": null,
    "scmMinTlsVersion": null,
    "scmSupportedTlsCipherSuites": null,
    "scmType": null,
    "sitePort": null,
    "sitePrivateLinkHostEnabled": null,
    "storageType": null,
    "supportedTlsCipherSuites": null,
    "tracingOptions": null,
    "use32BitWorkerProcess": null,
    "virtualApplications": null,
    "vnetName": null,
    "vnetPrivatePortsCount": null,
    "vnetRouteAllEnabled": null,
    "webSocketsEnabled": null,
    "websiteTimeZone": null,
    "winAuthAdminState": null,
    "winAuthTenantState": null,
    "windowsConfiguredStacks": null,
    "windowsFxVersion": null,
    "xManagedServiceIdentityId": null
  },
  "slotSwapStatus": null,
  "state": "Running",
  "storageAccountRequired": false,
  "suspendedTill": null,
  "tags": null,
  "targetSwapSlot": null,
  "trafficManagerHostNames": null,
  "type": "Microsoft.Web/sites",
  "usageState": "Normal",
  "virtualNetworkSubnetId": null,
  "vnetContentShareEnabled": false,
  "vnetImagePullEnabled": false,
  "vnetRouteAllEnabled": false,
  "workloadProfileName": null
}
{
  "acrUseManagedIdentityCreds": false,
  "acrUserManagedIdentityId": null,
  "alwaysOn": false,
  "apiDefinition": null,
  "apiManagementConfig": null,
  "appCommandLine": "",
  "appSettings": null,
  "autoHealEnabled": false,
  "autoHealRules": null,
  "autoSwapSlotName": null,
  "azureStorageAccounts": {},
  "connectionStrings": null,
  "cors": null,
  "defaultDocuments": [
    "Default.htm",
    "Default.html",
    "Default.asp",
    "index.htm",
    "index.html",
    "iisstart.htm",
    "default.aspx",
    "index.php",
    "hostingstart.html"
  ],
  "detailedErrorLoggingEnabled": false,
  "documentRoot": null,
  "elasticWebAppScaleLimit": 0,
  "experiments": {
    "rampUpRules": []
  },
  "ftpsState": "FtpsOnly",
  "functionAppScaleLimit": null,
  "functionsRuntimeScaleMonitoringEnabled": false,
  "handlerMappings": null,
  "healthCheckPath": null,
  "http20Enabled": true,
  "httpLoggingEnabled": false,
  "id": "/subscriptions/4beddd21-16a1-4ddc-9f4d-d4f5d9de465a/resourceGroups/gna-blob-to-kafka-rg/providers/Microsoft.Web/sites/gnaBlobEventsWebhook",
  "ipSecurityRestrictions": [
    {
      "action": "Allow",
      "description": "Allow all access",
      "headers": null,
      "ipAddress": "Any",
      "name": "Allow all",
      "priority": 2147483647,
      "subnetMask": null,
      "subnetTrafficTag": null,
      "tag": null,
      "vnetSubnetResourceId": null,
      "vnetTrafficTag": null
    }
  ],
  "ipSecurityRestrictionsDefaultAction": null,
  "javaContainer": null,
  "javaContainerVersion": null,
  "javaVersion": null,
  "keyVaultReferenceIdentity": null,
  "kind": null,
  "limits": null,
  "linuxFxVersion": "PYTHON|3.9",
  "loadBalancing": "LeastRequests",
  "localMySqlEnabled": false,
  "location": "France Central",
  "logsDirectorySizeLimit": 35,
  "machineKey": null,
  "managedPipelineMode": "Integrated",
  "managedServiceIdentityId": null,
  "metadata": null,
  "minTlsCipherSuite": null,
  "minTlsVersion": "1.2",
  "minimumElasticInstanceCount": 1,
  "name": "gnaBlobEventsWebhook",
  "netFrameworkVersion": "v4.0",
  "nodeVersion": "",
  "numberOfWorkers": 1,
  "phpVersion": "",
  "powerShellVersion": "",
  "preWarmedInstanceCount": 0,
  "publicNetworkAccess": null,
  "publishingUsername": "$gnaBlobEventsWebhook",
  "push": null,
  "pythonVersion": "",
  "remoteDebuggingEnabled": false,
  "remoteDebuggingVersion": "VS2022",
  "requestTracingEnabled": false,
  "requestTracingExpirationTime": null,
  "resourceGroup": "gna-blob-to-kafka-rg",
  "scmIpSecurityRestrictions": [
    {
      "action": "Allow",
      "description": "Allow all access",
      "headers": null,
      "ipAddress": "Any",
      "name": "Allow all",
      "priority": 2147483647,
      "subnetMask": null,
      "subnetTrafficTag": null,
      "tag": null,
      "vnetSubnetResourceId": null,
      "vnetTrafficTag": null
    }
  ],
  "scmIpSecurityRestrictionsDefaultAction": null,
  "scmIpSecurityRestrictionsUseMain": false,
  "scmMinTlsVersion": "1.2",
  "scmType": "None",
  "tracingOptions": null,
  "type": "Microsoft.Web/sites",
  "use32BitWorkerProcess": true,
  "virtualApplications": [
    {
      "physicalPath": "site\\wwwroot",
      "preloadEnabled": false,
      "virtualDirectories": null,
      "virtualPath": "/"
    }
  ],
  "vnetName": "",
  "vnetPrivatePortsCount": 0,
  "vnetRouteAllEnabled": false,
  "webSocketsEnabled": false,
  "websiteTimeZone": null,
  "windowsFxVersion": null,
  "xManagedServiceIdentityId": null
}
[
  {
    "name": "SCM_DO_BUILD_DURING_DEPLOYMENT",
    "slotSetting": false,
    "value": null
  },
  {
    "name": "PYTHON_VERSION",
    "slotSetting": false,
    "value": null
  }
]
{
  "id": null,
  "kind": null,
  "name": "web",
  "publishingPassword": null,
  "publishingPasswordHash": null,
  "publishingPasswordHashSalt": null,
  "publishingUserName": "2df16d8e",
  "scmUri": null,
  "type": "Microsoft.Web/publishingUsers/web"
}
WARNING: This command has been deprecated and will be removed in a future release. Use 'az webapp deploy' instead.
WARNING: Getting scm site credentials for zip deployment
WARNING: Starting zip deployment. This operation can take a while to complete ...
WARNING: Warming up Kudu before deployment.
WARNING: Deployment endpoint responded with status code 202
WARNING: Polling the status of async deployment. Start Time: 2025-05-23 15:14:22.500510+00:00 UTC
WARNING: Status: Building the app... Time: 0(s)
WARNING: Status: Building the app... Time: 16(s)
WARNING: Status: Building the app... Time: 32(s)
WARNING: Status: Building the app... Time: 50(s)
WARNING: Status: Building the app... Time: 66(s)
WARNING: Status: Building the app... Time: 82(s)
WARNING: Status: Build successful. Time: 98(s)
WARNING: Status: Starting the site... Time: 113(s)
WARNING: Status: Starting the site... Time: 129(s)
WARNING: Status: Starting the site... Time: 144(s)
WARNING: Status: Starting the site... Time: 159(s)
WARNING: Status: Starting the site... Time: 175(s)
WARNING: Status: Starting the site... Time: 190(s)
WARNING: Status: Starting the site... Time: 206(s)
WARNING: Status: Site started successfully. Time: 221(s)
{
  "id": "/subscriptions/4beddd21-16a1-4ddc-9f4d-d4f5d9de465a/resourceGroups/gna-blob-to-kafka-rg/providers/Microsoft.Web/sites/gnaBlobEventsWebhook/deploymentStatus/32926ad8-98be-46dd-be13-500f2de59d8a",
  "location": "France Central",
  "name": "32926ad8-98be-46dd-be13-500f2de59d8a",
  "properties": {
    "deploymentId": "32926ad8-98be-46dd-be13-500f2de59d8a",
    "errors": null,
    "failedInstancesLogs": null,
    "numberOfInstancesFailed": 0,
    "numberOfInstancesInProgress": 0,
    "numberOfInstancesSuccessful": 1,
    "status": "RuntimeSuccessful"
  },
  "resourceGroup": "gna-blob-to-kafka-rg",
  "type": "Microsoft.Web/sites/deploymentStatus"
}
{
  "acrUseManagedIdentityCreds": false,
  "acrUserManagedIdentityId": null,
  "alwaysOn": false,
  "apiDefinition": null,
  "apiManagementConfig": null,
  "appCommandLine": "gunicorn --bind=0.0.0.0 --timeout 600 app:app",
  "appSettings": null,
  "autoHealEnabled": false,
  "autoHealRules": null,
  "autoSwapSlotName": null,
  "azureStorageAccounts": {},
  "connectionStrings": null,
  "cors": null,
  "defaultDocuments": [
    "Default.htm",
    "Default.html",
    "Default.asp",
    "index.htm",
    "index.html",
    "iisstart.htm",
    "default.aspx",
    "index.php",
    "hostingstart.html"
  ],
  "detailedErrorLoggingEnabled": false,
  "documentRoot": null,
  "elasticWebAppScaleLimit": 0,
  "experiments": {
    "rampUpRules": []
  },
  "ftpsState": "FtpsOnly",
  "functionAppScaleLimit": null,
  "functionsRuntimeScaleMonitoringEnabled": false,
  "handlerMappings": null,
  "healthCheckPath": null,
  "http20Enabled": true,
  "httpLoggingEnabled": false,
  "id": "/subscriptions/4beddd21-16a1-4ddc-9f4d-d4f5d9de465a/resourceGroups/gna-blob-to-kafka-rg/providers/Microsoft.Web/sites/gnaBlobEventsWebhook",
  "ipSecurityRestrictions": [
    {
      "action": "Allow",
      "description": "Allow all access",
      "headers": null,
      "ipAddress": "Any",
      "name": "Allow all",
      "priority": 2147483647,
      "subnetMask": null,
      "subnetTrafficTag": null,
      "tag": null,
      "vnetSubnetResourceId": null,
      "vnetTrafficTag": null
    }
  ],
  "ipSecurityRestrictionsDefaultAction": null,
  "javaContainer": null,
  "javaContainerVersion": null,
  "javaVersion": null,
  "keyVaultReferenceIdentity": null,
  "kind": null,
  "limits": null,
  "linuxFxVersion": "PYTHON|3.9",
  "loadBalancing": "LeastRequests",
  "localMySqlEnabled": false,
  "location": "France Central",
  "logsDirectorySizeLimit": 35,
  "machineKey": null,
  "managedPipelineMode": "Integrated",
  "managedServiceIdentityId": null,
  "metadata": null,
  "minTlsCipherSuite": null,
  "minTlsVersion": "1.2",
  "minimumElasticInstanceCount": 1,
  "name": "gnaBlobEventsWebhook",
  "netFrameworkVersion": "v4.0",
  "nodeVersion": "",
  "numberOfWorkers": 1,
  "phpVersion": "",
  "powerShellVersion": "",
  "preWarmedInstanceCount": 0,
  "publicNetworkAccess": null,
  "publishingUsername": "$gnaBlobEventsWebhook",
  "push": null,
  "pythonVersion": "",
  "remoteDebuggingEnabled": false,
  "remoteDebuggingVersion": "VS2022",
  "requestTracingEnabled": false,
  "requestTracingExpirationTime": null,
  "resourceGroup": "gna-blob-to-kafka-rg",
  "scmIpSecurityRestrictions": [
    {
      "action": "Allow",
      "description": "Allow all access",
      "headers": null,
      "ipAddress": "Any",
      "name": "Allow all",
      "priority": 2147483647,
      "subnetMask": null,
      "subnetTrafficTag": null,
      "tag": null,
      "vnetSubnetResourceId": null,
      "vnetTrafficTag": null
    }
  ],
  "scmIpSecurityRestrictionsDefaultAction": null,
  "scmIpSecurityRestrictionsUseMain": false,
  "scmMinTlsVersion": "1.2",
  "scmType": "None",
  "tracingOptions": null,
  "type": "Microsoft.Web/sites",
  "use32BitWorkerProcess": true,
  "virtualApplications": [
    {
      "physicalPath": "site\\wwwroot",
      "preloadEnabled": false,
      "virtualDirectories": null,
      "virtualPath": "/"
    }
  ],
  "vnetName": "",
  "vnetPrivatePortsCount": 0,
  "vnetRouteAllEnabled": false,
  "webSocketsEnabled": false,
  "websiteTimeZone": null,
  "windowsFxVersion": null,
  "xManagedServiceIdentityId": null
}
[
  {
    "name": "SCM_DO_BUILD_DURING_DEPLOYMENT",
    "slotSetting": false,
    "value": null
  },
  {
    "name": "PYTHON_VERSION",
    "slotSetting": false,
    "value": null
  },
  {
    "name": "KAFKA_BOOTSTRAP_SERVERS",
    "slotSetting": false,
    "value": null
  },
  {
    "name": "KAFKA_API_KEY",
    "slotSetting": false,
    "value": null
  },
  {
    "name": "KAFKA_API_SECRET",
    "slotSetting": false,
    "value": null
  },
  {
    "name": "KAFKA_TOPIC",
    "slotSetting": false,
    "value": null
  }
]
